<?xml version="1.0" encoding="UTF-8"?>
<!-- Generated by org.testng.reporters.JUnitReportReporter -->
<testsuite hostname="Aparna" failures="0" tests="3" name="testCase.TC021_ZipCode_TargetHeader" time="22.908" errors="0" timestamp="2023-06-15T17:05:35 IST" skipped="1">
  <testcase classname="testCase.TC021_ZipCode_TargetHeader" name="verifyTrackLocationICon_TargetHeader" time="10.664"/>
  <system-out/>
  <testcase classname="testCase.TC021_ZipCode_TargetHeader" name="verifyZipCode_TaargetHeader" time="12.244"/>
  <system-out/>
  <testcase classname="testCase.TC021_ZipCode_TargetHeader" name="verifyTextOfZipCode_TargetHeader">
    <skipped/>
  </testcase> <!-- verifyTextOfZipCode_TargetHeader -->
  <system-out/>
</testsuite> <!-- testCase.TC021_ZipCode_TargetHeader -->
