<?xml version="1.0" encoding="UTF-8"?>
<!-- Generated by org.testng.reporters.JUnitReportReporter -->
<testsuite hostname="Aparna" failures="0" tests="1" name="testCase.TC010_VerifyCartLink_TargetHome" time="9.169" errors="0" timestamp="2023-06-12T16:19:20 IST" skipped="0">
  <testcase classname="testCase.TC010_VerifyCartLink_TargetHome" name="verfyClickOnCartIcon" time="9.169"/>
  <system-out/>
</testsuite> <!-- testCase.TC010_VerifyCartLink_TargetHome -->
