<?xml version="1.0" encoding="UTF-8"?>
<!-- Generated by org.testng.reporters.JUnitReportReporter -->
<testsuite hostname="Aparna" failures="0" tests="1" name="testCase.TC_VerifyLoginWithValidCredential_Target" time="23.872" errors="0" timestamp="2023-06-16T20:20:23 IST" skipped="0">
  <testcase classname="testCase.TC_VerifyLoginWithValidCredential_Target" name="verifyAfterLoginDisplayOnHomePage" time="23.872"/>
  <system-out/>
</testsuite> <!-- testCase.TC_VerifyLoginWithValidCredential_Target -->
