<?xml version="1.0" encoding="UTF-8"?>
<!-- Generated by org.testng.reporters.JUnitReportReporter -->
<testsuite hostname="Aparna" failures="0" tests="3" name="testCase.TC_VerifySearchBox_TargetHomePage" time="36.947" errors="0" timestamp="2023-06-11T20:34:25 IST" skipped="0">
  <testcase classname="testCase.TC_VerifySearchBox_TargetHomePage" name="verifyDropDownOfSearchBox" time="9.344"/>
  <system-out/>
  <testcase classname="testCase.TC_VerifySearchBox_TargetHomePage" name="verifySearchIcon" time="17.249"/>
  <system-out/>
  <testcase classname="testCase.TC_VerifySearchBox_TargetHomePage" name="verifySearchBoxPresenttOnPage" time="10.354"/>
  <system-out/>
</testsuite> <!-- testCase.TC_VerifySearchBox_TargetHomePage -->
