<?xml version="1.0" encoding="UTF-8"?>
<!-- Generated by org.testng.reporters.JUnitReportReporter -->
<testsuite hostname="Aparna" failures="0" tests="1" name="createAccountTestCases.TC_VerifyCreateAccount_ExcelData" time="42.534" errors="0" timestamp="2023-08-14T22:51:45 IST" skipped="0">
  <testcase classname="createAccountTestCases.TC_VerifyCreateAccount_ExcelData" name="verify_CreateAcccount" time="42.534"/>
  <system-out/>
</testsuite> <!-- createAccountTestCases.TC_VerifyCreateAccount_ExcelData -->
