<?xml version="1.0" encoding="UTF-8"?>
<!-- Generated by org.testng.reporters.JUnitReportReporter -->
<testsuite hostname="Aparna" failures="0" tests="1" name="testCase.TC_VerifyCheckBoxKeepMeSignIn_TargetLogin" time="9.976" errors="0" timestamp="2023-06-17T13:44:13 IST" skipped="0">
  <testcase classname="testCase.TC_VerifyCheckBoxKeepMeSignIn_TargetLogin" name="verify_clickOnForgotPasswordLink" time="9.976"/>
  <system-out/>
</testsuite> <!-- testCase.TC_VerifyCheckBoxKeepMeSignIn_TargetLogin -->
