<?xml version="1.0" encoding="UTF-8"?>
<!-- Generated by org.testng.reporters.JUnitReportReporter -->
<testsuite hostname="Aparna" failures="0" tests="1" name="testCase.TC027_VerifyFindStores_TargetHeader" time="13.210" errors="0" timestamp="2023-06-15T17:44:46 IST" skipped="0">
  <testcase classname="testCase.TC027_VerifyFindStores_TargetHeader" name="verifyClinkOnFindStoresLink" time="13.210"/>
  <system-out/>
</testsuite> <!-- testCase.TC027_VerifyFindStores_TargetHeader -->
