<?xml version="1.0" encoding="UTF-8"?>
<!-- Generated by org.testng.reporters.JUnitReportReporter -->
<testsuite hostname="Aparna" failures="0" tests="1" name="loginTestCase.TC_VerifyLoginInvalid_Target" time="14.658" errors="0" timestamp="2023-06-18T15:52:27 IST" skipped="0">
  <testcase classname="loginTestCase.TC_VerifyLoginInvalid_Target" name="verifyInvalidLoginCredential" time="14.658"/>
  <system-out/>
</testsuite> <!-- loginTestCase.TC_VerifyLoginInvalid_Target -->
