<?xml version="1.0" encoding="UTF-8"?>
<!-- Generated by org.testng.reporters.JUnitReportReporter -->
<testsuite hostname="Aparna" failures="0" tests="3" name="CncWebWorld.CrossBrowser" time="39.112" errors="0" timestamp="2024-01-14T23:18:54 IST" skipped="0">
  <testcase classname="CncWebWorld.CrossBrowser" name="test1" time="9.287"/>
  <system-out/>
  <testcase classname="CncWebWorld.CrossBrowser" name="test1" time="7.021"/>
  <system-out/>
  <testcase classname="CncWebWorld.CrossBrowser" name="test1" time="22.804"/>
  <system-out/>
</testsuite> <!-- CncWebWorld.CrossBrowser -->
