<?xml version="1.0" encoding="UTF-8"?>
<!-- Generated by org.testng.reporters.JUnitReportReporter -->
<testsuite hostname="Aparna" failures="0" tests="1" name="testCase.TC028_VerifyTargetHeaderAlign" time="14.160" errors="0" timestamp="2023-06-15T18:13:14 IST" skipped="0">
  <testcase classname="testCase.TC028_VerifyTargetHeaderAlign" name="verifyAlign_TargetHeader" time="14.160"/>
  <system-out/>
</testsuite> <!-- testCase.TC028_VerifyTargetHeaderAlign -->
