<?xml version="1.0" encoding="UTF-8"?>
<!-- Generated by org.testng.reporters.JUnitReportReporter -->
<testsuite hostname="Aparna" failures="0" tests="1" name="testCase.TC026_VerifyTargetCircle_TargetHeader" time="13.692" errors="0" timestamp="2023-06-15T17:42:58 IST" skipped="0">
  <testcase classname="testCase.TC026_VerifyTargetCircle_TargetHeader" name="verifyClinkOnTargetCircleLink" time="13.692"/>
  <system-out/>
</testsuite> <!-- testCase.TC026_VerifyTargetCircle_TargetHeader -->
