<?xml version="1.0" encoding="UTF-8"?>
<!-- Generated by org.testng.reporters.JUnitReportReporter -->
<testsuite hostname="Aparna" failures="0" tests="1" name="testCase.TC_VerifyLabelForPasswordField_TargetLogin" time="15.514" errors="0" timestamp="2023-06-17T23:34:58 IST" skipped="0">
  <testcase classname="testCase.TC_VerifyLabelForPasswordField_TargetLogin" name="verify_LoginWithValidCredential" time="15.514"/>
  <system-out/>
</testsuite> <!-- testCase.TC_VerifyLabelForPasswordField_TargetLogin -->
