<?xml version="1.0" encoding="UTF-8"?>
<!-- Generated by org.testng.reporters.JUnitReportReporter -->
<testsuite hostname="Aparna" failures="0" tests="1" name="loginTestCase.TC_VerifyInvalidUsernameAndValidPassword" time="24.827" errors="0" timestamp="2023-06-19T09:03:33 IST" skipped="0">
  <testcase classname="loginTestCase.TC_VerifyInvalidUsernameAndValidPassword" name="verify_InvalidUsername_ValidPassword" time="24.827"/>
  <system-out/>
</testsuite> <!-- loginTestCase.TC_VerifyInvalidUsernameAndValidPassword -->
