<?xml version="1.0" encoding="UTF-8"?>
<!-- Generated by org.testng.reporters.JUnitReportReporter -->
<testsuite hostname="Aparna" failures="0" tests="1" name="testCase.TC_SearchInvalidInputError" time="10.433" errors="0" timestamp="2023-06-10T00:18:56 IST" skipped="0">
  <testcase classname="testCase.TC_SearchInvalidInputError" name="verifyErrorMsgForInvalidText" time="10.433"/>
  <system-out/>
</testsuite> <!-- testCase.TC_SearchInvalidInputError -->
