<?xml version="1.0" encoding="UTF-8"?>
<!-- Generated by org.testng.reporters.JUnitReportReporter -->
<testsuite hostname="Aparna" failures="0" tests="1" name="testCase.VerifyInputToTextBox" time="14.171" errors="0" timestamp="2023-06-05T20:49:08 IST" skipped="0">
  <testcase classname="testCase.VerifyInputToTextBox" name="verifySearchBoxAcceptText" time="14.171"/>
  <system-out/>
</testsuite> <!-- testCase.VerifyInputToTextBox -->
