<?xml version="1.0" encoding="UTF-8"?>
<!-- Generated by org.testng.reporters.JUnitReportReporter -->
<testsuite hostname="Aparna" failures="0" tests="1" name="testCase.VerifyInputTextToSearchBox" time="12.468" errors="0" timestamp="2023-06-09T23:57:24 IST" skipped="0">
  <testcase classname="testCase.VerifyInputTextToSearchBox" name="verifySearchBoxAcceptText" time="12.468"/>
  <system-out/>
</testsuite> <!-- testCase.VerifyInputTextToSearchBox -->
