<?xml version="1.0" encoding="UTF-8"?>
<!-- Generated by org.testng.reporters.JUnitReportReporter -->
<testsuite hostname="Aparna" failures="0" tests="2" name="testCase.TC_TargetLogo_TargetHome" time="21.583" errors="0" timestamp="2023-06-22T15:48:34 IST" skipped="0">
  <testcase classname="testCase.TC_TargetLogo_TargetHome" name="verifyTargetLogoDisplay" time="14.069"/>
  <system-out/>
  <testcase classname="testCase.TC_TargetLogo_TargetHome" name="verifyClickOnTargetLogo" time="7.514"/>
  <system-out/>
</testsuite> <!-- testCase.TC_TargetLogo_TargetHome -->
