<?xml version="1.0" encoding="UTF-8"?>
<!-- Generated by org.testng.reporters.JUnitReportReporter -->
<testsuite hostname="Aparna" failures="0" tests="2" name="testCase.VerifySearchBox" time="18.124" errors="0" timestamp="2023-06-11T19:28:34 IST" skipped="0">
  <testcase classname="testCase.VerifySearchBox" name="verifySearchBoxPresenttOnPage" time="9.395"/>
  <system-out/>
  <testcase classname="testCase.VerifySearchBox" name="verifySearchBoxAcceptText" time="8.729"/>
  <system-out/>
</testsuite> <!-- testCase.VerifySearchBox -->
