<?xml version="1.0" encoding="UTF-8"?>
<!-- Generated by org.testng.reporters.JUnitReportReporter -->
<testsuite hostname="Aparna" failures="0" tests="1" name="testCase.TC_VerifyPlaceholderUsername_TargetLogin" time="19.425" errors="0" timestamp="2023-06-17T23:26:47 IST" skipped="0">
  <testcase classname="testCase.TC_VerifyPlaceholderUsername_TargetLogin" name="verify_LoginWithValidCredential" time="19.425"/>
  <system-out/>
</testsuite> <!-- testCase.TC_VerifyPlaceholderUsername_TargetLogin -->
