<?xml version="1.0" encoding="UTF-8"?>
<!-- Generated by org.testng.reporters.JUnitReportReporter -->
<testsuite hostname="Aparna" failures="0" tests="1" name="loginTestCase.TC_VerifyBlankPassword_ValidEmail" time="14.756" errors="0" timestamp="2023-06-18T17:06:57 IST" skipped="0">
  <testcase classname="loginTestCase.TC_VerifyBlankPassword_ValidEmail" name="verify_ValidUsernameErrorMsg_ValidPasswordErrorMsg" time="14.756"/>
  <system-out/>
</testsuite> <!-- loginTestCase.TC_VerifyBlankPassword_ValidEmail -->
