<?xml version="1.0" encoding="UTF-8"?>
<!-- Generated by org.testng.reporters.JUnitReportReporter -->
<testsuite hostname="Aparna" failures="0" tests="1" name="testCase.TC_VerifyLinkCreateAccount_TargetHome" time="9.239" errors="0" timestamp="2023-06-20T17:02:04 IST" skipped="0">
  <testcase classname="testCase.TC_VerifyLinkCreateAccount_TargetHome" name="verify_clickOnCreateAccountLink" time="9.239"/>
  <system-out/>
</testsuite> <!-- testCase.TC_VerifyLinkCreateAccount_TargetHome -->
