<?xml version="1.0" encoding="UTF-8"?>
<!-- Generated by org.testng.reporters.JUnitReportReporter -->
<testsuite hostname="Aparna" failures="0" tests="1" name="TC_VerifyValidEmailAddress" time="12.922" errors="0" timestamp="2023-06-18T16:36:00 IST" skipped="0">
  <testcase classname="TC_VerifyValidEmailAddress" name="verify_ValidUsernameErrorMsg_ValidPasswordErrorMsg" time="12.922"/>
  <system-out/>
</testsuite> <!-- TC_VerifyValidEmailAddress -->
