<?xml version="1.0" encoding="UTF-8"?>
<!-- Generated by org.testng.reporters.JUnitReportReporter -->
<testsuite hostname="Aparna" failures="0" tests="1" name="CncWebWorld.TakesScreenShot" time="16.501" errors="0" timestamp="2024-01-11T12:29:18 IST" skipped="0">
  <testcase classname="CncWebWorld.TakesScreenShot" name="test1" time="16.501"/>
  <system-out/>
</testsuite> <!-- CncWebWorld.TakesScreenShot -->
