<?xml version="1.0" encoding="UTF-8"?>
<!-- Generated by org.testng.reporters.JUnitReportReporter -->
<testsuite hostname="Aparna" failures="0" tests="2" name="testCase.TC014_VerifyWhatsNewLink_TargetHome" time="33.048" errors="0" timestamp="2023-06-12T15:58:19 IST" skipped="0">
  <testcase classname="testCase.TC014_VerifyWhatsNewLink_TargetHome" name="verifyClickOnWhatsNewLink" time="11.519"/>
  <system-out/>
  <testcase classname="testCase.TC014_VerifyWhatsNewLink_TargetHome" name="verifyWhatsNewLinkDisplay" time="21.529"/>
  <system-out/>
</testsuite> <!-- testCase.TC014_VerifyWhatsNewLink_TargetHome -->
