<?xml version="1.0" encoding="UTF-8"?>
<!-- Generated by org.testng.reporters.JUnitReportReporter -->
<testsuite hostname="Aparna" failures="0" tests="1" name="testCase.TC_SearchResultList" time="14.525" errors="0" timestamp="2023-07-07T14:55:03 IST" skipped="0">
  <testcase classname="testCase.TC_SearchResultList" name="getSearchResultList" time="14.525"/>
  <system-out/>
</testsuite> <!-- testCase.TC_SearchResultList -->
