<?xml version="1.0" encoding="UTF-8"?>
<!-- Generated by org.testng.reporters.JUnitReportReporter -->
<testsuite hostname="Aparna" failures="0" tests="1" name="testCase.TC_VerifyBlankEmailPassword_TargetLogin" time="14.163" errors="0" timestamp="2023-06-18T00:02:31 IST" skipped="0">
  <testcase classname="testCase.TC_VerifyBlankEmailPassword_TargetLogin" name="verify_BlankEmail_BlankPassword" time="14.163"/>
  <system-out/>
</testsuite> <!-- testCase.TC_VerifyBlankEmailPassword_TargetLogin -->
