<?xml version="1.0" encoding="UTF-8"?>
<!-- Generated by org.testng.reporters.JUnitReportReporter -->
<testsuite hostname="Aparna" failures="0" tests="1" name="testCase.TC_VerifySeeOfferDetails_TargetLogin" time="19.382" errors="0" timestamp="2023-06-17T13:30:51 IST" skipped="0">
  <testcase classname="testCase.TC_VerifySeeOfferDetails_TargetLogin" name="verify_clickOnSeeOfferDetails" time="19.382"/>
  <system-out/>
</testsuite> <!-- testCase.TC_VerifySeeOfferDetails_TargetLogin -->
