<?xml version="1.0" encoding="UTF-8"?>
<!-- Generated by org.testng.reporters.JUnitReportReporter -->
<testsuite hostname="Aparna" failures="0" tests="2" name="testCase.TC018_VerifyCategoryLink_targetHome" time="94.633" errors="0" timestamp="2023-06-12T15:14:54 IST" skipped="0">
  <testcase classname="testCase.TC018_VerifyCategoryLink_targetHome" name="verifyCategoryLink" time="47.891"/>
  <system-out/>
  <testcase classname="testCase.TC018_VerifyCategoryLink_targetHome" name="verifyClickonCategoryLink" time="46.742"/>
  <system-out/>
</testsuite> <!-- testCase.TC018_VerifyCategoryLink_targetHome -->
