<?xml version="1.0" encoding="UTF-8"?>
<!-- Generated by org.testng.reporters.JUnitReportReporter -->
<testsuite hostname="Aparna" failures="0" tests="1" name="loginTestCase.Verify_ValidUsernameAndInvalidPassword" time="19.097" errors="0" timestamp="2023-06-19T09:04:32 IST" skipped="0">
  <testcase classname="loginTestCase.Verify_ValidUsernameAndInvalidPassword" name="verify_ValidUsername_InvalidPassword" time="19.097"/>
  <system-out/>
</testsuite> <!-- loginTestCase.Verify_ValidUsernameAndInvalidPassword -->
