<?xml version="1.0" encoding="UTF-8"?>
<!-- Generated by org.testng.reporters.JUnitReportReporter -->
<testsuite hostname="Aparna" failures="0" tests="1" name="testCase.TC_VerifyTargetCondition_TargetLogin" time="12.135" errors="0" timestamp="2023-06-17T12:46:41 IST" skipped="0">
  <testcase classname="testCase.TC_VerifyTargetCondition_TargetLogin" name="verify_TargetConditionLink" time="12.135"/>
  <system-out/>
</testsuite> <!-- testCase.TC_VerifyTargetCondition_TargetLogin -->
