<?xml version="1.0" encoding="UTF-8"?>
<!-- Generated by org.testng.reporters.JUnitReportReporter -->
<testsuite hostname="Aparna" failures="0" tests="1" name="loginTestCase.TC_VerifyBlankEmail_ValidPassword" time="14.156" errors="0" timestamp="2023-06-18T17:01:15 IST" skipped="0">
  <testcase classname="loginTestCase.TC_VerifyBlankEmail_ValidPassword" name="verify_ValidUsernameErrorMsg_ValidPasswordErrorMsg" time="14.156"/>
  <system-out/>
</testsuite> <!-- loginTestCase.TC_VerifyBlankEmail_ValidPassword -->
