<?xml version="1.0" encoding="UTF-8"?>
<!-- Generated by org.testng.reporters.JUnitReportReporter -->
<testsuite hostname="Aparna" failures="0" tests="1" name="testCase.TC_HomePage_001" time="9.754" errors="0" timestamp="2023-06-16T20:14:33 IST" skipped="0">
  <testcase classname="testCase.TC_HomePage_001" name="verifyAfterLoginDisplayOnHomePage" time="9.754"/>
  <system-out/>
</testsuite> <!-- testCase.TC_HomePage_001 -->
