<?xml version="1.0" encoding="UTF-8"?>
<!-- Generated by org.testng.reporters.JUnitReportReporter -->
<testsuite hostname="Aparna" failures="0" tests="1" name="testCase.TC_Verify_SearchList" time="18.202" errors="0" timestamp="2023-07-07T18:13:26 IST" skipped="0">
  <testcase classname="testCase.TC_Verify_SearchList" name="verifySearchList" time="18.202"/>
  <system-out/>
</testsuite> <!-- testCase.TC_Verify_SearchList -->
