<?xml version="1.0" encoding="UTF-8"?>
<!-- Generated by org.testng.reporters.JUnitReportReporter -->
<testsuite hostname="Aparna" failures="0" tests="1" name="testCase.Verify_TargetPrivacyPolicyLink_TargetLogin" time="9.073" errors="0" timestamp="2023-06-17T12:54:05 IST" skipped="0">
  <testcase classname="testCase.Verify_TargetPrivacyPolicyLink_TargetLogin" name="verify_TargetPrivacyPolicyLink" time="9.073"/>
  <system-out/>
</testsuite> <!-- testCase.Verify_TargetPrivacyPolicyLink_TargetLogin -->
