<?xml version="1.0" encoding="UTF-8"?>
<!-- Generated by org.testng.reporters.JUnitReportReporter -->
<testsuite hostname="Aparna" failures="0" tests="1" name="testCase.TC025_VerifyRedCard_TargetHeader" time="16.813" errors="0" timestamp="2023-06-15T17:39:17 IST" skipped="0">
  <testcase classname="testCase.TC025_VerifyRedCard_TargetHeader" name="verifyClinkOnRedCardLink" time="16.813"/>
  <system-out/>
</testsuite> <!-- testCase.TC025_VerifyRedCard_TargetHeader -->
