<?xml version="1.0" encoding="UTF-8"?>
<!-- Generated by org.testng.reporters.JUnitReportReporter -->
<testsuite hostname="Aparna" failures="0" tests="2" name="CncWebWorld.DataproviderInTestng" time="30.409" errors="0" timestamp="2024-01-11T13:05:21 IST" skipped="0">
  <testcase classname="CncWebWorld.DataproviderInTestng" name="searchKeyValue" time="20.984"/>
  <system-out/>
  <testcase classname="CncWebWorld.DataproviderInTestng" name="searchKeyValue" time="9.425"/>
  <system-out/>
</testsuite> <!-- CncWebWorld.DataproviderInTestng -->
