<?xml version="1.0" encoding="UTF-8"?>
<!-- Generated by org.testng.reporters.JUnitReportReporter -->
<testsuite hostname="Aparna" failures="0" tests="1" name="testCase.TC024_VerifyWeeklyAd_TargetHeader" time="16.849" errors="0" timestamp="2023-06-15T17:37:18 IST" skipped="0">
  <testcase classname="testCase.TC024_VerifyWeeklyAd_TargetHeader" name="VerifyClickOnWeeklyA" time="16.849"/>
  <system-out/>
</testsuite> <!-- testCase.TC024_VerifyWeeklyAd_TargetHeader -->
