<?xml version="1.0" encoding="UTF-8"?>
<!-- Generated by org.testng.reporters.JUnitReportReporter -->
<testsuite hostname="Aparna" failures="0" tests="1" name="testCase.TC_ValidatePasswordShow_TargetLogin" time="16.692" errors="0" timestamp="2023-06-17T14:19:00 IST" skipped="0">
  <testcase classname="testCase.TC_ValidatePasswordShow_TargetLogin" name="verify_clickOnShowBtnInPassworInputBox" time="16.692"/>
  <system-out/>
</testsuite> <!-- testCase.TC_ValidatePasswordShow_TargetLogin -->
