<?xml version="1.0" encoding="UTF-8"?>
<!-- Generated by org.testng.reporters.JUnitReportReporter -->
<testsuite hostname="Aparna" failures="0" tests="2" name="testCase.TC012_VerifyPickAndDeliveryLink_TargetHome" time="17.931" errors="0" timestamp="2023-06-12T15:42:49 IST" skipped="0">
  <testcase classname="testCase.TC012_VerifyPickAndDeliveryLink_TargetHome" name="verifyClickOnPickUpAndDeliveryLink" time="8.632"/>
  <system-out/>
  <testcase classname="testCase.TC012_VerifyPickAndDeliveryLink_TargetHome" name="verifyPickUpAndDeliveryLinkDisplay" time="9.299"/>
  <system-out/>
</testsuite> <!-- testCase.TC012_VerifyPickAndDeliveryLink_TargetHome -->
