<?xml version="1.0" encoding="UTF-8"?>
<!-- Generated by org.testng.reporters.JUnitReportReporter -->
<testsuite hostname="Aparna" failures="0" tests="5" name="testCase.TC005_VerifySearchBox_TergetHomePage" time="34.718" errors="0" timestamp="2023-08-26T13:58:08 IST" skipped="0">
  <testcase classname="testCase.TC005_VerifySearchBox_TergetHomePage" name="verifySearchBoxPresenttOnPage" time="6.200"/>
  <system-out/>
  <testcase classname="testCase.TC005_VerifySearchBox_TergetHomePage" name="verifySearchBoxPresenttOnPage" time="6.945"/>
  <system-out/>
  <testcase classname="testCase.TC005_VerifySearchBox_TergetHomePage" name="verifySearchBoxPresenttOnPage" time="9.363"/>
  <system-out/>
  <testcase classname="testCase.TC005_VerifySearchBox_TergetHomePage" name="verifySearchBoxPresenttOnPage" time="6.024"/>
  <system-out/>
  <testcase classname="testCase.TC005_VerifySearchBox_TergetHomePage" name="verifySearchBoxPresenttOnPage" time="6.186"/>
  <system-out/>
</testsuite> <!-- testCase.TC005_VerifySearchBox_TergetHomePage -->
