<?xml version="1.0" encoding="UTF-8"?>
<!-- Generated by org.testng.reporters.JUnitReportReporter -->
<testsuite hostname="Aparna" failures="0" tests="1" name="testCase.Verify_ForgotPassword_TargetLogin" time="13.822" errors="0" timestamp="2023-06-17T13:18:44 IST" skipped="0">
  <testcase classname="testCase.Verify_ForgotPassword_TargetLogin" name="verify_clickOnCreateTargetAccountBtn" time="13.822"/>
  <system-out/>
</testsuite> <!-- testCase.Verify_ForgotPassword_TargetLogin -->
