<?xml version="1.0" encoding="UTF-8"?>
<!-- Generated by org.testng.reporters.JUnitReportReporter -->
<testsuite hostname="Aparna" failures="0" tests="1" name="testCase.TC023_VerifyRegistry_TargetHeader" time="13.886" errors="0" timestamp="2023-06-15T17:34:00 IST" skipped="0">
  <testcase classname="testCase.TC023_VerifyRegistry_TargetHeader" name="verifyClinkOnRegistryLink" time="13.886"/>
  <system-out/>
</testsuite> <!-- testCase.TC023_VerifyRegistry_TargetHeader -->
