<?xml version="1.0" encoding="UTF-8"?>
<!-- Generated by org.testng.reporters.JUnitReportReporter -->
<testsuite hostname="Aparna" failures="0" tests="1" name="createAccountTestCases.TC_VerifyCrateAccount" time="10.711" errors="0" timestamp="2023-06-20T18:20:23 IST" skipped="0">
  <testcase classname="createAccountTestCases.TC_VerifyCrateAccount" name="verify_AccountCreate" time="10.711"/>
  <system-out/>
</testsuite> <!-- createAccountTestCases.TC_VerifyCrateAccount -->
